  main.cpp
c:\users\ckan0\source\repos\yolo_maker\yolo_maker\main.cpp(144): warning C4267: '인수': 'size_t'에서 'int'(으)로 변환하면서 데이터가 손실될 수 있습니다.
c:\users\ckan0\source\repos\yolo_maker\yolo_maker\main.cpp(145): warning C4267: '인수': 'size_t'에서 'int'(으)로 변환하면서 데이터가 손실될 수 있습니다.
c:\users\ckan0\source\repos\yolo_maker\yolo_maker\main.cpp(151): warning C4267: '인수': 'size_t'에서 'int'(으)로 변환하면서 데이터가 손실될 수 있습니다.
c:\users\ckan0\source\repos\yolo_maker\yolo_maker\main.cpp(295): warning C4244: '초기화 중': 'double'에서 'int'(으)로 변환하면서 데이터가 손실될 수 있습니다.
c:\users\ckan0\source\repos\yolo_maker\yolo_maker\main.cpp(295): warning C4244: '초기화 중': 'double'에서 'const int'(으)로 변환하면서 데이터가 손실될 수 있습니다.
c:\users\ckan0\source\repos\yolo_maker\yolo_maker\main.cpp(303): warning C4244: '=': 'unsigned long'에서 'float'(으)로 변환하면서 데이터가 손실될 수 있습니다.
c:\users\ckan0\source\repos\yolo_maker\yolo_maker\main.cpp(306): warning C4267: '=': 'size_t'에서 'int'(으)로 변환하면서 데이터가 손실될 수 있습니다.
c:\users\ckan0\source\repos\yolo_maker\yolo_maker\main.cpp(354): warning C4267: '=': 'size_t'에서 'int'(으)로 변환하면서 데이터가 손실될 수 있습니다.
c:\users\ckan0\source\repos\yolo_maker\yolo_maker\main.cpp(497): warning C4267: '초기화 중': 'size_t'에서 'int'(으)로 변환하면서 데이터가 손실될 수 있습니다.
c:\users\ckan0\source\repos\yolo_maker\yolo_maker\main.cpp(497): warning C4267: '초기화 중': 'size_t'에서 'const int'(으)로 변환하면서 데이터가 손실될 수 있습니다.
c:\users\ckan0\source\repos\yolo_maker\yolo_maker\main.cpp(570): warning C4267: '초기화 중': 'size_t'에서 'int'(으)로 변환하면서 데이터가 손실될 수 있습니다.
c:\users\ckan0\source\repos\yolo_maker\yolo_maker\main.cpp(570): warning C4267: '초기화 중': 'size_t'에서 'const int'(으)로 변환하면서 데이터가 손실될 수 있습니다.
c:\users\ckan0\source\repos\yolo_maker\yolo_maker\main.cpp(645): warning C4267: '초기화 중': 'size_t'에서 'int'(으)로 변환하면서 데이터가 손실될 수 있습니다.
c:\users\ckan0\source\repos\yolo_maker\yolo_maker\main.cpp(645): warning C4267: '초기화 중': 'size_t'에서 'const int'(으)로 변환하면서 데이터가 손실될 수 있습니다.
c:\users\ckan0\source\repos\yolo_maker\yolo_maker\main.cpp(706): warning C4244: '초기화 중': 'float'에서 'int'(으)로 변환하면서 데이터가 손실될 수 있습니다.
c:\users\ckan0\source\repos\yolo_maker\yolo_maker\main.cpp(706): warning C4244: '초기화 중': 'float'에서 'const int'(으)로 변환하면서 데이터가 손실될 수 있습니다.
c:\users\ckan0\source\repos\yolo_maker\yolo_maker\main.cpp(707): warning C4244: '초기화 중': 'float'에서 'int'(으)로 변환하면서 데이터가 손실될 수 있습니다.
c:\users\ckan0\source\repos\yolo_maker\yolo_maker\main.cpp(707): warning C4244: '초기화 중': 'float'에서 'const int'(으)로 변환하면서 데이터가 손실될 수 있습니다.
c:\users\ckan0\source\repos\yolo_maker\yolo_maker\main.cpp(814): warning C4267: '=': 'size_t'에서 'int'(으)로 변환하면서 데이터가 손실될 수 있습니다.
  YOLO_MAKER.vcxproj -> C:\Users\ckan0\source\repos\YOLO_MAKER\x64\Debug\YOLO_MAKER.exe
